2015-02-15 23:09:49,410 - [INFO] - from play in pool-4-thread-3 
Listening for HTTP on /0:0:0:0:0:0:0:0:9000

2015-02-15 23:10:00,000 - [ERROR] - from application in New I/O worker #1 


! @6l7jj9270 - Internal server error, for (GET) [/] ->

play.PlayExceptions$CompilationException: Compilation error[value testRedirect is not a member of controllers.ReverseApplication]
	at play.PlayExceptions$CompilationException$.apply(PlayExceptions.scala:27) ~[na:na]
	at play.PlayExceptions$CompilationException$.apply(PlayExceptions.scala:27) ~[na:na]
	at scala.Option.map(Option.scala:145) ~[scala-library-2.11.1.jar:na]
	at play.PlayReload$$anonfun$taskFailureHandler$1.apply(PlayReload.scala:49) ~[na:na]
	at play.PlayReload$$anonfun$taskFailureHandler$1.apply(PlayReload.scala:44) ~[na:na]
	at scala.Option.map(Option.scala:145) ~[scala-library-2.11.1.jar:na]
	at play.PlayReload$.taskFailureHandler(PlayReload.scala:44) ~[na:na]
	at play.PlayReload$.compileFailure(PlayReload.scala:40) ~[na:na]
	at play.PlayReload$$anonfun$compile$1.apply(PlayReload.scala:17) ~[na:na]
	at play.PlayReload$$anonfun$compile$1.apply(PlayReload.scala:17) ~[na:na]
	at scala.util.Either$LeftProjection.map(Either.scala:377) ~[scala-library-2.11.1.jar:na]
	at play.PlayReload$.compile(PlayReload.scala:17) ~[na:na]
	at play.PlayRun$$anonfun$playRunTask$1$$anonfun$apply$2$$anonfun$apply$3$$anonfun$2.apply(PlayRun.scala:61) ~[na:na]
	at play.PlayRun$$anonfun$playRunTask$1$$anonfun$apply$2$$anonfun$apply$3$$anonfun$2.apply(PlayRun.scala:61) ~[na:na]
	at play.runsupport.Reloader.reload(Reloader.scala:295) ~[na:na]
	at play.core.ReloadableApplication$$anonfun$get$1.apply(ApplicationProvider.scala:122) ~[play_2.11-2.3.8.jar:2.3.8]
	at play.core.ReloadableApplication$$anonfun$get$1.apply(ApplicationProvider.scala:120) ~[play_2.11-2.3.8.jar:2.3.8]
	at scala.concurrent.impl.Future$PromiseCompletingRunnable.liftedTree1$1(Future.scala:24) ~[scala-library-2.11.1.jar:na]
	at scala.concurrent.impl.Future$PromiseCompletingRunnable.run(Future.scala:24) ~[scala-library-2.11.1.jar:na]
	at scala.concurrent.forkjoin.ForkJoinTask$AdaptedRunnableAction.exec(ForkJoinTask.java:1361) ~[scala-library-2.11.1.jar:na]
	at scala.concurrent.forkjoin.ForkJoinTask.doExec(ForkJoinTask.java:260) ~[scala-library-2.11.1.jar:na]
	at scala.concurrent.forkjoin.ForkJoinPool$WorkQueue.runTask(ForkJoinPool.java:1339) ~[scala-library-2.11.1.jar:na]
	at scala.concurrent.forkjoin.ForkJoinPool.runWorker(ForkJoinPool.java:1979) ~[scala-library-2.11.1.jar:na]
	at scala.concurrent.forkjoin.ForkJoinWorkerThread.run(ForkJoinWorkerThread.java:107) ~[scala-library-2.11.1.jar:na]

2015-02-15 23:10:00,101 - [WARN] - from play in New I/O worker #1 
No application found at invoker init

2015-02-15 23:10:27,843 - [INFO] - from play in play-internal-execution-context-1 
database [default] connected at jdbc:h2:/Users/eldorado/Desktop/activator-1.2.12-minimal/play-java-intro/h2-1.4.185.jar

2015-02-15 23:10:28,381 - [INFO] - from play in play-internal-execution-context-1 
Application started (Dev)

2015-02-15 23:12:10,846 - [INFO] - from play in play-internal-execution-context-1 
database [default] connected at jdbc:h2:/Users/eldorado/Desktop/activator-1.2.12-minimal/play-java-intro/h2-1.4.185.jar

2015-02-15 23:12:10,911 - [INFO] - from play in play-internal-execution-context-1 
Application started (Dev)

2015-02-15 23:12:47,189 - [INFO] - from play in play-internal-execution-context-1 
database [default] connected at jdbc:h2:/Users/eldorado/Desktop/activator-1.2.12-minimal/play-java-intro/h2-1.4.185.jar

2015-02-15 23:12:47,229 - [INFO] - from play in play-internal-execution-context-1 
Application started (Dev)

2015-02-15 23:13:10,327 - [INFO] - from play in play-internal-execution-context-1 
database [default] connected at jdbc:h2:/Users/eldorado/Desktop/activator-1.2.12-minimal/play-java-intro/h2-1.4.185.jar

2015-02-15 23:13:10,369 - [INFO] - from play in play-internal-execution-context-1 
Application started (Dev)

2015-02-15 23:16:32,834 - [ERROR] - from application in New I/O worker #1 


! @6l7jk5ba9 - Internal server error, for (GET) [/] ->

play.PlayExceptions$CompilationException: Compilation error[value test is not a member of controllers.ReverseApplication]
	at play.PlayExceptions$CompilationException$.apply(PlayExceptions.scala:27) ~[na:na]
	at play.PlayExceptions$CompilationException$.apply(PlayExceptions.scala:27) ~[na:na]
	at scala.Option.map(Option.scala:145) ~[scala-library-2.11.1.jar:na]
	at play.PlayReload$$anonfun$taskFailureHandler$1.apply(PlayReload.scala:49) ~[na:na]
	at play.PlayReload$$anonfun$taskFailureHandler$1.apply(PlayReload.scala:44) ~[na:na]
	at scala.Option.map(Option.scala:145) ~[scala-library-2.11.1.jar:na]
	at play.PlayReload$.taskFailureHandler(PlayReload.scala:44) ~[na:na]
	at play.PlayReload$.compileFailure(PlayReload.scala:40) ~[na:na]
	at play.PlayReload$$anonfun$compile$1.apply(PlayReload.scala:17) ~[na:na]
	at play.PlayReload$$anonfun$compile$1.apply(PlayReload.scala:17) ~[na:na]
	at scala.util.Either$LeftProjection.map(Either.scala:377) ~[scala-library-2.11.1.jar:na]
	at play.PlayReload$.compile(PlayReload.scala:17) ~[na:na]
	at play.PlayRun$$anonfun$playRunTask$1$$anonfun$apply$2$$anonfun$apply$3$$anonfun$2.apply(PlayRun.scala:61) ~[na:na]
	at play.PlayRun$$anonfun$playRunTask$1$$anonfun$apply$2$$anonfun$apply$3$$anonfun$2.apply(PlayRun.scala:61) ~[na:na]
	at play.runsupport.Reloader.reload(Reloader.scala:295) ~[na:na]
	at play.core.ReloadableApplication$$anonfun$get$1.apply(ApplicationProvider.scala:122) ~[play_2.11-2.3.8.jar:2.3.8]
	at play.core.ReloadableApplication$$anonfun$get$1.apply(ApplicationProvider.scala:120) ~[play_2.11-2.3.8.jar:2.3.8]
	at scala.concurrent.impl.Future$PromiseCompletingRunnable.liftedTree1$1(Future.scala:24) ~[scala-library-2.11.1.jar:na]
	at scala.concurrent.impl.Future$PromiseCompletingRunnable.run(Future.scala:24) ~[scala-library-2.11.1.jar:na]
	at scala.concurrent.forkjoin.ForkJoinTask$AdaptedRunnableAction.exec(ForkJoinTask.java:1361) ~[scala-library-2.11.1.jar:na]
	at scala.concurrent.forkjoin.ForkJoinTask.doExec(ForkJoinTask.java:260) ~[scala-library-2.11.1.jar:na]
	at scala.concurrent.forkjoin.ForkJoinPool$WorkQueue.runTask(ForkJoinPool.java:1339) ~[scala-library-2.11.1.jar:na]
	at scala.concurrent.forkjoin.ForkJoinPool.runWorker(ForkJoinPool.java:1979) ~[scala-library-2.11.1.jar:na]
	at scala.concurrent.forkjoin.ForkJoinWorkerThread.run(ForkJoinWorkerThread.java:107) ~[scala-library-2.11.1.jar:na]

2015-02-15 23:27:18,317 - [INFO] - from play in play-internal-execution-context-1 
database [default] connected at jdbc:h2:/Users/eldorado/Desktop/activator-1.2.12-minimal/play-java-intro/h2-1.4.185.jar

2015-02-15 23:27:18,359 - [INFO] - from play in play-internal-execution-context-1 
Application started (Dev)

2015-02-15 23:27:51,064 - [INFO] - from play in play-internal-execution-context-1 
database [default] connected at jdbc:h2:/Users/eldorado/Desktop/activator-1.2.12-minimal/play-java-intro/h2-1.4.185.jar

2015-02-15 23:27:51,095 - [INFO] - from play in play-internal-execution-context-1 
Application started (Dev)

2015-02-15 23:29:12,805 - [INFO] - from play in play-internal-execution-context-1 
database [default] connected at jdbc:h2:/Users/eldorado/Desktop/activator-1.2.12-minimal/play-java-intro/h2-1.4.185.jar

2015-02-15 23:29:12,832 - [INFO] - from play in play-internal-execution-context-1 
Application started (Dev)

2015-02-15 23:30:32,362 - [INFO] - from play in play-internal-execution-context-1 
database [default] connected at jdbc:h2:/Users/eldorado/Desktop/activator-1.2.12-minimal/play-java-intro/h2-1.4.185.jar

2015-02-15 23:30:32,392 - [INFO] - from play in play-internal-execution-context-1 
Application started (Dev)

2015-02-15 23:32:21,497 - [INFO] - from play in play-internal-execution-context-1 
database [default] connected at jdbc:h2:/Users/eldorado/Desktop/activator-1.2.12-minimal/play-java-intro/h2-1.4.185.jar

2015-02-15 23:32:21,545 - [ERROR] - from application in New I/O worker #2 


! @6l7jm7al7 - Internal server error, for (GET) [/] ->

play.api.db.evolutions.InvalidDatabaseRevision: Database 'default' needs evolution![An SQL script need to be run on your database.]
	at play.api.db.evolutions.EvolutionsPlugin$$anonfun$onStart$1$$anonfun$apply$1.apply$mcV$sp(Evolutions.scala:510) ~[play-jdbc_2.11-2.3.8.jar:2.3.8]
	at play.api.db.evolutions.EvolutionsPlugin.withLock(Evolutions.scala:531) ~[play-jdbc_2.11-2.3.8.jar:2.3.8]
	at play.api.db.evolutions.EvolutionsPlugin$$anonfun$onStart$1.apply(Evolutions.scala:485) ~[play-jdbc_2.11-2.3.8.jar:2.3.8]
	at play.api.db.evolutions.EvolutionsPlugin$$anonfun$onStart$1.apply(Evolutions.scala:483) ~[play-jdbc_2.11-2.3.8.jar:2.3.8]
	at scala.collection.immutable.List.foreach(List.scala:383) ~[scala-library-2.11.1.jar:na]
	at play.api.db.evolutions.EvolutionsPlugin.onStart(Evolutions.scala:483) ~[play-jdbc_2.11-2.3.8.jar:2.3.8]
	at play.api.Play$$anonfun$start$1$$anonfun$apply$mcV$sp$1.apply(Play.scala:91) ~[play_2.11-2.3.8.jar:2.3.8]
	at play.api.Play$$anonfun$start$1$$anonfun$apply$mcV$sp$1.apply(Play.scala:91) ~[play_2.11-2.3.8.jar:2.3.8]
	at scala.collection.immutable.List.foreach(List.scala:383) ~[scala-library-2.11.1.jar:na]
	at play.api.Play$$anonfun$start$1.apply$mcV$sp(Play.scala:91) ~[play_2.11-2.3.8.jar:2.3.8]
	at play.api.Play$$anonfun$start$1.apply(Play.scala:91) ~[play_2.11-2.3.8.jar:2.3.8]
	at play.api.Play$$anonfun$start$1.apply(Play.scala:91) ~[play_2.11-2.3.8.jar:2.3.8]
	at play.utils.Threads$.withContextClassLoader(Threads.scala:21) ~[play_2.11-2.3.8.jar:2.3.8]
	at play.api.Play$.start(Play.scala:90) ~[play_2.11-2.3.8.jar:2.3.8]
	at play.core.ReloadableApplication$$anonfun$get$1$$anonfun$apply$1$$anonfun$1.apply(ApplicationProvider.scala:157) ~[play_2.11-2.3.8.jar:2.3.8]
	at play.core.ReloadableApplication$$anonfun$get$1$$anonfun$apply$1$$anonfun$1.apply(ApplicationProvider.scala:130) ~[play_2.11-2.3.8.jar:2.3.8]
	at scala.Option.map(Option.scala:145) ~[scala-library-2.11.1.jar:na]
	at play.core.ReloadableApplication$$anonfun$get$1$$anonfun$apply$1.apply(ApplicationProvider.scala:130) ~[play_2.11-2.3.8.jar:2.3.8]
	at play.core.ReloadableApplication$$anonfun$get$1$$anonfun$apply$1.apply(ApplicationProvider.scala:128) ~[play_2.11-2.3.8.jar:2.3.8]
	at scala.util.Success.flatMap(Try.scala:230) ~[scala-library-2.11.1.jar:na]
	at play.core.ReloadableApplication$$anonfun$get$1.apply(ApplicationProvider.scala:128) ~[play_2.11-2.3.8.jar:2.3.8]
	at play.core.ReloadableApplication$$anonfun$get$1.apply(ApplicationProvider.scala:120) ~[play_2.11-2.3.8.jar:2.3.8]
	at scala.concurrent.impl.Future$PromiseCompletingRunnable.liftedTree1$1(Future.scala:24) ~[scala-library-2.11.1.jar:na]
	at scala.concurrent.impl.Future$PromiseCompletingRunnable.run(Future.scala:24) ~[scala-library-2.11.1.jar:na]
	at scala.concurrent.forkjoin.ForkJoinTask$AdaptedRunnableAction.exec(ForkJoinTask.java:1361) ~[scala-library-2.11.1.jar:na]
	at scala.concurrent.forkjoin.ForkJoinTask.doExec(ForkJoinTask.java:260) ~[scala-library-2.11.1.jar:na]
	at scala.concurrent.forkjoin.ForkJoinPool$WorkQueue.runTask(ForkJoinPool.java:1339) ~[scala-library-2.11.1.jar:na]
	at scala.concurrent.forkjoin.ForkJoinPool.runWorker(ForkJoinPool.java:1979) ~[scala-library-2.11.1.jar:na]
	at scala.concurrent.forkjoin.ForkJoinWorkerThread.run(ForkJoinWorkerThread.java:107) ~[scala-library-2.11.1.jar:na]

2015-02-15 23:32:40,765 - [WARN] - from play in play-internal-execution-context-1 
Error stopping plugin
java.lang.NullPointerException: null
	at play.libs.ws.ning.NingWSPlugin.onStop(NingWSPlugin.java:31) ~[play-java-ws_2.11-2.3.8.jar:2.3.8]
	at play.api.Play$$anonfun$stop$1$$anonfun$apply$1$$anonfun$apply$mcV$sp$2.apply(Play.scala:108) [play_2.11-2.3.8.jar:2.3.8]
	at play.api.Play$$anonfun$stop$1$$anonfun$apply$1$$anonfun$apply$mcV$sp$2.apply(Play.scala:107) [play_2.11-2.3.8.jar:2.3.8]
	at scala.collection.immutable.List.foreach(List.scala:383) [scala-library-2.11.1.jar:na]
	at play.api.Play$$anonfun$stop$1$$anonfun$apply$1.apply$mcV$sp(Play.scala:107) [play_2.11-2.3.8.jar:2.3.8]
	at play.api.Play$$anonfun$stop$1$$anonfun$apply$1.apply(Play.scala:107) [play_2.11-2.3.8.jar:2.3.8]
	at play.api.Play$$anonfun$stop$1$$anonfun$apply$1.apply(Play.scala:107) [play_2.11-2.3.8.jar:2.3.8]
	at play.utils.Threads$.withContextClassLoader(Threads.scala:21) [play_2.11-2.3.8.jar:2.3.8]
	at play.api.Play$$anonfun$stop$1.apply(Play.scala:106) [play_2.11-2.3.8.jar:2.3.8]
	at play.api.Play$$anonfun$stop$1.apply(Play.scala:105) [play_2.11-2.3.8.jar:2.3.8]
	at scala.Option.map(Option.scala:145) [scala-library-2.11.1.jar:na]
	at play.api.Play$.stop(Play.scala:105) [play_2.11-2.3.8.jar:2.3.8]
	at play.core.ReloadableApplication$$anonfun$get$1$$anonfun$apply$1$$anonfun$1.apply(ApplicationProvider.scala:142) [play_2.11-2.3.8.jar:2.3.8]
	at play.core.ReloadableApplication$$anonfun$get$1$$anonfun$apply$1$$anonfun$1.apply(ApplicationProvider.scala:130) [play_2.11-2.3.8.jar:2.3.8]
	at scala.Option.map(Option.scala:145) [scala-library-2.11.1.jar:na]
	at play.core.ReloadableApplication$$anonfun$get$1$$anonfun$apply$1.apply(ApplicationProvider.scala:130) [play_2.11-2.3.8.jar:2.3.8]
	at play.core.ReloadableApplication$$anonfun$get$1$$anonfun$apply$1.apply(ApplicationProvider.scala:128) [play_2.11-2.3.8.jar:2.3.8]
	at scala.util.Success.flatMap(Try.scala:230) [scala-library-2.11.1.jar:na]
	at play.core.ReloadableApplication$$anonfun$get$1.apply(ApplicationProvider.scala:128) [play_2.11-2.3.8.jar:2.3.8]
	at play.core.ReloadableApplication$$anonfun$get$1.apply(ApplicationProvider.scala:120) [play_2.11-2.3.8.jar:2.3.8]
	at scala.concurrent.impl.Future$PromiseCompletingRunnable.liftedTree1$1(Future.scala:24) [scala-library-2.11.1.jar:na]
	at scala.concurrent.impl.Future$PromiseCompletingRunnable.run(Future.scala:24) [scala-library-2.11.1.jar:na]
	at scala.concurrent.forkjoin.ForkJoinTask$AdaptedRunnableAction.exec(ForkJoinTask.java:1361) [scala-library-2.11.1.jar:na]
	at scala.concurrent.forkjoin.ForkJoinTask.doExec(ForkJoinTask.java:260) [scala-library-2.11.1.jar:na]
	at scala.concurrent.forkjoin.ForkJoinPool$WorkQueue.runTask(ForkJoinPool.java:1339) [scala-library-2.11.1.jar:na]
	at scala.concurrent.forkjoin.ForkJoinPool.runWorker(ForkJoinPool.java:1979) [scala-library-2.11.1.jar:na]
	at scala.concurrent.forkjoin.ForkJoinWorkerThread.run(ForkJoinWorkerThread.java:107) [scala-library-2.11.1.jar:na]

2015-02-15 23:32:40,960 - [INFO] - from play in play-internal-execution-context-1 
database [default] connected at jdbc:h2:/Users/eldorado/Desktop/activator-1.2.12-minimal/play-java-intro/h2-1.4.185.jar

2015-02-15 23:32:40,995 - [INFO] - from play in play-internal-execution-context-1 
Application started (Dev)

2015-02-15 23:34:01,819 - [INFO] - from play in play-internal-execution-context-1 
database [default] connected at jdbc:h2:/Users/eldorado/Desktop/activator-1.2.12-minimal/play-java-intro/h2-1.4.185.jar

2015-02-15 23:34:01,849 - [INFO] - from play in play-internal-execution-context-1 
Application started (Dev)

2015-02-15 23:34:12,892 - [INFO] - from play in play-internal-execution-context-1 
database [default] connected at jdbc:h2:/Users/eldorado/Desktop/activator-1.2.12-minimal/play-java-intro/h2-1.4.185.jar

2015-02-15 23:34:12,931 - [INFO] - from play in play-internal-execution-context-1 
Application started (Dev)

2015-02-15 23:34:44,377 - [INFO] - from play in play-internal-execution-context-1 
database [default] connected at jdbc:h2:/Users/eldorado/Desktop/activator-1.2.12-minimal/play-java-intro/h2-1.4.185.jar

2015-02-15 23:34:44,409 - [INFO] - from play in play-internal-execution-context-1 
Application started (Dev)

2015-02-15 23:35:09,458 - [INFO] - from play in play-internal-execution-context-1 
database [default] connected at jdbc:h2:/Users/eldorado/Desktop/activator-1.2.12-minimal/play-java-intro/h2-1.4.185.jar

2015-02-15 23:35:09,489 - [INFO] - from play in play-internal-execution-context-1 
Application started (Dev)

2015-02-15 23:36:01,982 - [INFO] - from play in play-internal-execution-context-1 
database [default] connected at jdbc:h2:/Users/eldorado/Desktop/activator-1.2.12-minimal/play-java-intro/h2-1.4.185.jar

2015-02-15 23:36:02,010 - [INFO] - from play in play-internal-execution-context-1 
Application started (Dev)

2015-02-15 23:36:22,037 - [INFO] - from play in play-internal-execution-context-1 
database [default] connected at jdbc:h2:/Users/eldorado/Desktop/activator-1.2.12-minimal/play-java-intro/h2-1.4.185.jar

2015-02-15 23:36:22,067 - [INFO] - from play in play-internal-execution-context-1 
Application started (Dev)

